2018-08-02 11:48:21,811 nlpclassify.py[line:340] INFO loading 1 file, and url ['G:\\insiderModel\\OPTIONAL\\industry_learn\\doc\\mid\\check09260.xlsx', 'G:\\insiderModel\\OPTIONAL\\industry_learn\\doc\\mid\\check09261.xlsx', 'G:\\insiderModel\\OPTIONAL\\industry_learn\\doc\\mid\\check09262.xlsx']
2018-08-02 11:48:28,392 nlpclassify.py[line:340] INFO loading 2 file, and url ['G:\\insiderModel\\OPTIONAL\\industry_learn\\doc\\mid\\check09260.xlsx', 'G:\\insiderModel\\OPTIONAL\\industry_learn\\doc\\mid\\check09261.xlsx', 'G:\\insiderModel\\OPTIONAL\\industry_learn\\doc\\mid\\check09262.xlsx']
2018-08-02 11:48:33,288 nlpclassify.py[line:340] INFO loading 3 file, and url ['G:\\insiderModel\\OPTIONAL\\industry_learn\\doc\\mid\\check09260.xlsx', 'G:\\insiderModel\\OPTIONAL\\industry_learn\\doc\\mid\\check09261.xlsx', 'G:\\insiderModel\\OPTIONAL\\industry_learn\\doc\\mid\\check09262.xlsx']
2018-08-02 11:51:24,163 nlpclassify.py[line:290] INFO train size: 400, predict size: 400, classify numbers: 2
2018-08-02 11:55:33,820 nlpclassify.py[line:305] INFO Processing A23 , with training size 438, and predict size 227
2018-08-02 13:07:04,270 nlpclassify.py[line:239] INFO training the 0 classify
2018-08-02 13:10:28,023 nlpclassify.py[line:247] INFO training the 0 classify finished
2018-08-02 13:16:25,595 nlpclassify.py[line:254] INFO testing the 0 classify strated
2018-08-02 13:17:27,528 nlpclassify.py[line:257] INFO testing the 0 classify finished
2018-08-02 13:19:14,839 nlpclassify.py[line:239] INFO training the 1 classify
2018-08-02 13:27:50,687 nlpclassify.py[line:247] INFO training the 1 classify finished
2018-08-02 13:28:33,919 nlpclassify.py[line:254] INFO testing the 0 classify strated
2018-08-02 13:28:38,910 nlpclassify.py[line:257] INFO testing the 0 classify finished
2018-08-02 13:29:44,238 nlpclassify.py[line:314] INFO success in A23, try 0
2018-08-02 13:30:16,191 nlpclassify.py[line:305] INFO Processing A21 , with training size 26, and predict size 15
2018-08-02 13:30:37,484 nlpclassify.py[line:239] INFO training the 0 classify
2018-08-02 13:33:25,047 nlpclassify.py[line:247] INFO training the 0 classify finished
2018-08-02 13:33:29,778 nlpclassify.py[line:254] INFO testing the 0 classify strated
2018-08-02 13:33:31,603 nlpclassify.py[line:257] INFO testing the 0 classify finished
2018-08-02 13:33:53,194 nlpclassify.py[line:309] ERROR error  in A21, try 0
2018-08-02 13:33:53,195 nlpclassify.py[line:309] ERROR error  in A21, try 1
2018-08-02 13:33:53,196 nlpclassify.py[line:309] ERROR error  in A21, try 2
2018-08-02 13:33:53,196 nlpclassify.py[line:309] ERROR error  in A21, try 3
2018-08-02 13:33:53,197 nlpclassify.py[line:309] ERROR error  in A21, try 4
2018-08-02 13:33:53,197 nlpclassify.py[line:309] ERROR error  in A21, try 5
2018-08-02 13:33:53,198 nlpclassify.py[line:309] ERROR error  in A21, try 6
2018-08-02 13:33:53,198 nlpclassify.py[line:309] ERROR error  in A21, try 7
2018-08-02 13:33:53,199 nlpclassify.py[line:309] ERROR error  in A21, try 8
2018-08-02 13:33:53,199 nlpclassify.py[line:309] ERROR error  in A21, try 9
2018-08-02 13:33:53,205 nlpclassify.py[line:309] INFO Processing A01 , with training size 318, and predict size 270
2018-08-02 13:33:53,207 nlpclassify.py[line:239] INFO training the 0 classify
2018-08-02 13:33:53,726 nlpclassify.py[line:247] INFO training the 0 classify finished
2018-08-02 13:33:54,021 nlpclassify.py[line:254] INFO testing the 0 classify strated
2018-08-02 13:33:54,133 nlpclassify.py[line:257] INFO testing the 0 classify finished
2018-08-02 13:33:54,135 nlpclassify.py[line:239] INFO training the 1 classify
2018-08-02 13:33:54,647 nlpclassify.py[line:247] INFO training the 1 classify finished
2018-08-02 13:33:54,959 nlpclassify.py[line:254] INFO testing the 0 classify strated
2018-08-02 13:33:55,071 nlpclassify.py[line:257] INFO testing the 0 classify finished
2018-08-02 13:33:55,074 nlpclassify.py[line:309] INFO success in A01, try 0
2018-08-02 13:33:55,080 nlpclassify.py[line:309] INFO Processing A61 , with training size 487, and predict size 553
2018-08-02 13:33:55,083 nlpclassify.py[line:239] INFO training the 0 classify
2018-08-02 13:34:02,948 nlpclassify.py[line:309] ERROR error  in A61, try 0
2018-08-02 13:34:02,960 nlpclassify.py[line:309] ERROR error  in A61, try 1
2018-08-02 13:34:02,961 nlpclassify.py[line:309] ERROR error  in A61, try 2
2018-08-02 13:34:02,962 nlpclassify.py[line:309] ERROR error  in A61, try 3
2018-08-02 13:34:02,962 nlpclassify.py[line:309] ERROR error  in A61, try 4
2018-08-02 13:34:02,962 nlpclassify.py[line:309] ERROR error  in A61, try 5
2018-08-02 13:34:02,963 nlpclassify.py[line:309] ERROR error  in A61, try 6
2018-08-02 13:34:02,963 nlpclassify.py[line:309] ERROR error  in A61, try 7
2018-08-02 13:34:02,964 nlpclassify.py[line:309] ERROR error  in A61, try 8
2018-08-02 13:34:02,964 nlpclassify.py[line:309] ERROR error  in A61, try 9
2018-08-02 13:34:02,970 nlpclassify.py[line:309] INFO Processing G06 , with training size 336, and predict size 1147
2018-08-02 13:34:02,973 nlpclassify.py[line:239] INFO training the 0 classify
2018-08-02 13:34:03,872 nlpclassify.py[line:247] INFO training the 0 classify finished
2018-08-02 13:34:04,243 nlpclassify.py[line:254] INFO testing the 0 classify strated
2018-08-02 13:34:04,878 nlpclassify.py[line:257] INFO testing the 0 classify finished
2018-08-02 13:34:05,262 nlpclassify.py[line:254] INFO testing the 1 classify strated
2018-08-02 13:34:05,899 nlpclassify.py[line:257] INFO testing the 1 classify finished
2018-08-02 13:34:06,788 nlpclassify.py[line:239] INFO training the 1 classify
2018-08-02 13:34:07,697 nlpclassify.py[line:247] INFO training the 1 classify finished
2018-08-02 13:34:08,068 nlpclassify.py[line:254] INFO testing the 0 classify strated
2018-08-02 13:34:08,714 nlpclassify.py[line:257] INFO testing the 0 classify finished
2018-08-02 13:34:09,093 nlpclassify.py[line:254] INFO testing the 1 classify strated
2018-08-02 13:34:09,724 nlpclassify.py[line:257] INFO testing the 1 classify finished
2018-08-02 13:34:10,624 nlpclassify.py[line:309] INFO success in G06, try 0
2018-08-02 13:34:10,629 nlpclassify.py[line:309] INFO Processing F24 , with training size 156, and predict size 65
2018-08-02 13:34:10,632 nlpclassify.py[line:239] INFO training the 0 classify
2018-08-02 13:34:10,843 nlpclassify.py[line:247] INFO training the 0 classify finished
2018-08-02 13:34:10,914 nlpclassify.py[line:254] INFO testing the 0 classify strated
2018-08-02 13:34:10,927 nlpclassify.py[line:257] INFO testing the 0 classify finished
2018-08-02 13:34:10,929 nlpclassify.py[line:239] INFO training the 1 classify
2018-08-02 13:34:11,147 nlpclassify.py[line:247] INFO training the 1 classify finished
2018-08-02 13:34:11,218 nlpclassify.py[line:254] INFO testing the 0 classify strated
2018-08-02 13:34:11,228 nlpclassify.py[line:257] INFO testing the 0 classify finished
2018-08-02 13:34:11,231 nlpclassify.py[line:309] INFO success in F24, try 0
2018-08-02 13:34:11,237 nlpclassify.py[line:309] INFO Processing C09 , with training size 274, and predict size 50
2018-08-02 13:34:11,239 nlpclassify.py[line:239] INFO training the 0 classify
2018-08-02 13:34:11,834 nlpclassify.py[line:247] INFO training the 0 classify finished
2018-08-02 13:34:11,891 nlpclassify.py[line:254] INFO testing the 0 classify strated
2018-08-02 13:34:11,912 nlpclassify.py[line:257] INFO testing the 0 classify finished
2018-08-02 13:34:11,914 nlpclassify.py[line:239] INFO training the 1 classify
2018-08-02 13:34:12,497 nlpclassify.py[line:247] INFO training the 1 classify finished
2018-08-02 13:34:12,553 nlpclassify.py[line:254] INFO testing the 0 classify strated
2018-08-02 13:34:12,574 nlpclassify.py[line:257] INFO testing the 0 classify finished
2018-08-02 13:34:12,579 nlpclassify.py[line:309] INFO success in C09, try 0
2018-08-02 13:34:12,585 nlpclassify.py[line:309] INFO Processing H04 , with training size 1075, and predict size 9
2018-08-02 13:34:12,588 nlpclassify.py[line:239] INFO training the 0 classify
2018-08-02 13:34:30,985 nlpclassify.py[line:309] ERROR error  in H04, try 0
2018-08-02 13:34:31,000 nlpclassify.py[line:309] ERROR error  in H04, try 1
2018-08-02 13:34:31,001 nlpclassify.py[line:309] ERROR error  in H04, try 2
2018-08-02 13:34:31,002 nlpclassify.py[line:309] ERROR error  in H04, try 3
2018-08-02 13:34:31,003 nlpclassify.py[line:309] ERROR error  in H04, try 4
2018-08-02 13:34:31,004 nlpclassify.py[line:309] ERROR error  in H04, try 5
2018-08-02 13:34:31,005 nlpclassify.py[line:309] ERROR error  in H04, try 6
2018-08-02 13:34:31,005 nlpclassify.py[line:309] ERROR error  in H04, try 7
2018-08-02 13:34:31,006 nlpclassify.py[line:309] ERROR error  in H04, try 8
2018-08-02 13:34:31,007 nlpclassify.py[line:309] ERROR error  in H04, try 9
2018-08-02 13:34:31,013 nlpclassify.py[line:309] INFO Processing C01 , with training size 14, and predict size 87
2018-08-02 13:34:31,016 nlpclassify.py[line:239] INFO training the 0 classify
2018-08-02 13:34:31,040 nlpclassify.py[line:247] INFO training the 0 classify finished
2018-08-02 13:34:31,133 nlpclassify.py[line:254] INFO testing the 0 classify strated
2018-08-02 13:34:31,137 nlpclassify.py[line:257] INFO testing the 0 classify finished
2018-08-02 13:34:31,139 nlpclassify.py[line:239] INFO training the 1 classify
2018-08-02 13:34:31,164 nlpclassify.py[line:247] INFO training the 1 classify finished
2018-08-02 13:34:31,256 nlpclassify.py[line:254] INFO testing the 0 classify strated
2018-08-02 13:34:31,260 nlpclassify.py[line:257] INFO testing the 0 classify finished
2018-08-02 13:34:31,263 nlpclassify.py[line:309] INFO success in C01, try 0
2018-08-02 13:34:31,268 nlpclassify.py[line:309] INFO Processing H01 , with training size 229, and predict size 493
2018-08-02 13:34:31,270 nlpclassify.py[line:239] INFO training the 0 classify
2018-08-02 13:34:31,780 nlpclassify.py[line:247] INFO training the 0 classify finished
2018-08-02 13:34:32,187 nlpclassify.py[line:254] INFO testing the 0 classify strated
2018-08-02 13:34:32,593 nlpclassify.py[line:257] INFO testing the 0 classify finished
2018-08-02 13:34:32,773 nlpclassify.py[line:239] INFO training the 1 classify
2018-08-02 13:34:33,270 nlpclassify.py[line:247] INFO training the 1 classify finished
2018-08-02 13:34:33,673 nlpclassify.py[line:254] INFO testing the 0 classify strated
2018-08-02 13:34:34,080 nlpclassify.py[line:257] INFO testing the 0 classify finished
2018-08-02 13:34:34,269 nlpclassify.py[line:309] INFO success in H01, try 0
2018-08-02 13:34:34,277 nlpclassify.py[line:309] INFO Processing C10 , with training size 30, and predict size 58
2018-08-02 13:34:34,279 nlpclassify.py[line:239] INFO training the 0 classify
2018-08-02 13:34:34,321 nlpclassify.py[line:247] INFO training the 0 classify finished
2018-08-02 13:34:34,385 nlpclassify.py[line:254] INFO testing the 0 classify strated
2018-08-02 13:34:34,389 nlpclassify.py[line:257] INFO testing the 0 classify finished
2018-08-02 13:34:34,391 nlpclassify.py[line:239] INFO training the 1 classify
2018-08-02 13:34:34,433 nlpclassify.py[line:247] INFO training the 1 classify finished
2018-08-02 13:34:34,499 nlpclassify.py[line:254] INFO testing the 0 classify strated
2018-08-02 13:34:34,503 nlpclassify.py[line:257] INFO testing the 0 classify finished
2018-08-02 13:34:34,507 nlpclassify.py[line:309] INFO success in C10, try 0
2018-08-02 13:34:34,512 nlpclassify.py[line:309] INFO Processing F02 , with training size 69, and predict size 17
2018-08-02 13:34:34,514 nlpclassify.py[line:239] INFO training the 0 classify
2018-08-02 13:34:34,602 nlpclassify.py[line:247] INFO training the 0 classify finished
2018-08-02 13:34:34,622 nlpclassify.py[line:254] INFO testing the 0 classify strated
2018-08-02 13:34:34,625 nlpclassify.py[line:257] INFO testing the 0 classify finished
2018-08-02 13:34:34,626 nlpclassify.py[line:239] INFO training the 1 classify
2018-08-02 13:34:34,712 nlpclassify.py[line:247] INFO training the 1 classify finished
2018-08-02 13:34:34,733 nlpclassify.py[line:254] INFO testing the 0 classify strated
2018-08-02 13:34:34,736 nlpclassify.py[line:257] INFO testing the 0 classify finished
2018-08-02 13:34:34,738 nlpclassify.py[line:309] INFO success in F02, try 0
2018-08-02 13:34:34,744 nlpclassify.py[line:309] INFO Processing C12 , with training size 111, and predict size 231
2018-08-02 13:34:34,746 nlpclassify.py[line:239] INFO training the 0 classify
2018-08-02 13:34:34,905 nlpclassify.py[line:247] INFO training the 0 classify finished
2018-08-02 13:34:35,140 nlpclassify.py[line:254] INFO testing the 0 classify strated
2018-08-02 13:34:35,211 nlpclassify.py[line:257] INFO testing the 0 classify finished
2018-08-02 13:34:35,213 nlpclassify.py[line:239] INFO training the 1 classify
2018-08-02 13:34:35,369 nlpclassify.py[line:247] INFO training the 1 classify finished
2018-08-02 13:34:35,605 nlpclassify.py[line:254] INFO testing the 0 classify strated
2018-08-02 13:34:35,675 nlpclassify.py[line:257] INFO testing the 0 classify finished
2018-08-02 13:34:35,678 nlpclassify.py[line:309] INFO success in C12, try 0
2018-08-02 13:34:35,683 nlpclassify.py[line:309] INFO Processing G02 , with training size 143, and predict size 8
2018-08-02 13:34:35,685 nlpclassify.py[line:239] INFO training the 0 classify
2018-08-02 13:34:35,903 nlpclassify.py[line:247] INFO training the 0 classify finished
2018-08-02 13:34:35,913 nlpclassify.py[line:254] INFO testing the 0 classify strated
2018-08-02 13:34:35,917 nlpclassify.py[line:257] INFO testing the 0 classify finished
2018-08-02 13:34:35,918 nlpclassify.py[line:239] INFO training the 1 classify
2018-08-02 13:34:36,137 nlpclassify.py[line:247] INFO training the 1 classify finished
2018-08-02 13:34:36,148 nlpclassify.py[line:254] INFO testing the 0 classify strated
2018-08-02 13:34:36,151 nlpclassify.py[line:257] INFO testing the 0 classify finished
2018-08-02 13:34:36,154 nlpclassify.py[line:309] INFO success in G02, try 0
2018-08-02 13:34:36,160 nlpclassify.py[line:309] INFO Processing B23 , with training size 263, and predict size 14
2018-08-02 13:34:36,162 nlpclassify.py[line:239] INFO training the 0 classify
2018-08-02 13:34:38,236 nlpclassify.py[line:309] ERROR error  in B23, try 0
2018-08-02 13:34:38,244 nlpclassify.py[line:309] ERROR error  in B23, try 1
2018-08-02 13:34:38,245 nlpclassify.py[line:309] ERROR error  in B23, try 2
2018-08-02 13:34:38,245 nlpclassify.py[line:309] ERROR error  in B23, try 3
2018-08-02 13:34:38,246 nlpclassify.py[line:309] ERROR error  in B23, try 4
2018-08-02 13:34:38,247 nlpclassify.py[line:309] ERROR error  in B23, try 5
2018-08-02 13:34:38,248 nlpclassify.py[line:309] ERROR error  in B23, try 6
2018-08-02 13:34:38,248 nlpclassify.py[line:309] ERROR error  in B23, try 7
2018-08-02 13:34:38,249 nlpclassify.py[line:309] ERROR error  in B23, try 8
2018-08-02 13:34:38,249 nlpclassify.py[line:309] ERROR error  in B23, try 9
2018-08-02 13:34:38,259 nlpclassify.py[line:309] INFO Processing B66 , with training size 76, and predict size 23
2018-08-02 13:34:38,261 nlpclassify.py[line:239] INFO training the 0 classify
2018-08-02 13:34:38,360 nlpclassify.py[line:247] INFO training the 0 classify finished
2018-08-02 13:34:38,391 nlpclassify.py[line:254] INFO testing the 0 classify strated
2018-08-02 13:34:38,394 nlpclassify.py[line:257] INFO testing the 0 classify finished
2018-08-02 13:34:38,395 nlpclassify.py[line:239] INFO training the 1 classify
2018-08-02 13:34:38,497 nlpclassify.py[line:247] INFO training the 1 classify finished
2018-08-02 13:34:38,527 nlpclassify.py[line:254] INFO testing the 0 classify strated
2018-08-02 13:34:38,530 nlpclassify.py[line:257] INFO testing the 0 classify finished
2018-08-02 13:34:38,533 nlpclassify.py[line:309] INFO success in B66, try 0
2018-08-02 13:34:38,538 nlpclassify.py[line:309] INFO Processing F16 , with training size 81, and predict size 166
2018-08-02 13:34:38,541 nlpclassify.py[line:239] INFO training the 0 classify
2018-08-02 13:34:38,672 nlpclassify.py[line:247] INFO training the 0 classify finished
2018-08-02 13:34:38,850 nlpclassify.py[line:254] INFO testing the 0 classify strated
2018-08-02 13:34:38,899 nlpclassify.py[line:257] INFO testing the 0 classify finished
2018-08-02 13:34:38,901 nlpclassify.py[line:239] INFO training the 1 classify
2018-08-02 13:34:39,030 nlpclassify.py[line:247] INFO training the 1 classify finished
2018-08-02 13:34:39,213 nlpclassify.py[line:254] INFO testing the 0 classify strated
2018-08-02 13:34:39,261 nlpclassify.py[line:257] INFO testing the 0 classify finished
2018-08-02 13:34:39,264 nlpclassify.py[line:309] INFO success in F16, try 0
2018-08-02 13:34:39,269 nlpclassify.py[line:309] INFO Processing G01 , with training size 279, and predict size 813
2018-08-02 13:34:39,271 nlpclassify.py[line:239] INFO training the 0 classify
2018-08-02 13:34:39,738 nlpclassify.py[line:247] INFO training the 0 classify finished
2018-08-02 13:34:40,159 nlpclassify.py[line:254] INFO testing the 0 classify strated
2018-08-02 13:34:40,388 nlpclassify.py[line:257] INFO testing the 0 classify finished
2018-08-02 13:34:40,814 nlpclassify.py[line:254] INFO testing the 1 classify strated
2018-08-02 13:34:41,039 nlpclassify.py[line:257] INFO testing the 1 classify finished
2018-08-02 13:34:41,064 nlpclassify.py[line:239] INFO training the 1 classify
2018-08-02 13:34:41,539 nlpclassify.py[line:247] INFO training the 1 classify finished
2018-08-02 13:34:41,958 nlpclassify.py[line:254] INFO testing the 0 classify strated
2018-08-02 13:34:42,184 nlpclassify.py[line:257] INFO testing the 0 classify finished
2018-08-02 13:34:42,616 nlpclassify.py[line:254] INFO testing the 1 classify strated
2018-08-02 13:34:42,849 nlpclassify.py[line:257] INFO testing the 1 classify finished
2018-08-02 13:34:42,874 nlpclassify.py[line:309] INFO success in G01, try 0
2018-08-02 13:34:42,879 nlpclassify.py[line:309] INFO Processing C08 , with training size 285, and predict size 175
2018-08-02 13:34:42,881 nlpclassify.py[line:239] INFO training the 0 classify
2018-08-02 13:34:43,546 nlpclassify.py[line:247] INFO training the 0 classify finished
2018-08-02 13:34:43,721 nlpclassify.py[line:254] INFO testing the 0 classify strated
2018-08-02 13:34:43,888 nlpclassify.py[line:257] INFO testing the 0 classify finished
2018-08-02 13:34:43,890 nlpclassify.py[line:239] INFO training the 1 classify
2018-08-02 13:34:44,528 nlpclassify.py[line:247] INFO training the 1 classify finished
2018-08-02 13:34:44,704 nlpclassify.py[line:254] INFO testing the 0 classify strated
2018-08-02 13:34:44,872 nlpclassify.py[line:257] INFO testing the 0 classify finished
2018-08-02 13:34:44,877 nlpclassify.py[line:309] INFO success in C08, try 0
2018-08-02 13:34:44,890 nlpclassify.py[line:309] INFO Processing G05 , with training size 35, and predict size 153
2018-08-02 13:34:44,892 nlpclassify.py[line:239] INFO training the 0 classify
2018-08-02 13:34:44,943 nlpclassify.py[line:247] INFO training the 0 classify finished
2018-08-02 13:34:45,092 nlpclassify.py[line:254] INFO testing the 0 classify strated
2018-08-02 13:34:45,116 nlpclassify.py[line:257] INFO testing the 0 classify finished
2018-08-02 13:34:45,119 nlpclassify.py[line:239] INFO training the 1 classify
2018-08-02 13:34:45,169 nlpclassify.py[line:247] INFO training the 1 classify finished
2018-08-02 13:34:45,323 nlpclassify.py[line:254] INFO testing the 0 classify strated
2018-08-02 13:34:45,346 nlpclassify.py[line:257] INFO testing the 0 classify finished
2018-08-02 13:34:45,349 nlpclassify.py[line:309] INFO success in G05, try 0
2018-08-02 13:34:45,357 nlpclassify.py[line:309] INFO Processing D06 , with training size 64, and predict size 32
2018-08-02 13:34:45,359 nlpclassify.py[line:239] INFO training the 0 classify
2018-08-02 13:34:45,470 nlpclassify.py[line:247] INFO training the 0 classify finished
2018-08-02 13:34:45,507 nlpclassify.py[line:254] INFO testing the 0 classify strated
2018-08-02 13:34:45,513 nlpclassify.py[line:257] INFO testing the 0 classify finished
2018-08-02 13:34:45,515 nlpclassify.py[line:239] INFO training the 1 classify
2018-08-02 13:34:45,607 nlpclassify.py[line:247] INFO training the 1 classify finished
2018-08-02 13:34:45,646 nlpclassify.py[line:254] INFO testing the 0 classify strated
2018-08-02 13:34:45,652 nlpclassify.py[line:257] INFO testing the 0 classify finished
2018-08-02 13:34:45,657 nlpclassify.py[line:309] INFO success in D06, try 0
2018-08-02 13:34:45,666 nlpclassify.py[line:309] INFO Processing C07 , with training size 45, and predict size 269
2018-08-02 13:34:45,669 nlpclassify.py[line:239] INFO training the 0 classify
2018-08-02 13:34:45,731 nlpclassify.py[line:247] INFO training the 0 classify finished
2018-08-02 13:34:45,980 nlpclassify.py[line:254] INFO testing the 0 classify strated
2018-08-02 13:34:46,007 nlpclassify.py[line:257] INFO testing the 0 classify finished
2018-08-02 13:34:46,009 nlpclassify.py[line:239] INFO training the 1 classify
2018-08-02 13:34:46,067 nlpclassify.py[line:247] INFO training the 1 classify finished
2018-08-02 13:34:46,316 nlpclassify.py[line:254] INFO testing the 0 classify strated
2018-08-02 13:34:46,344 nlpclassify.py[line:257] INFO testing the 0 classify finished
2018-08-02 13:34:46,347 nlpclassify.py[line:309] INFO success in C07, try 0
2018-08-02 13:34:46,356 nlpclassify.py[line:309] INFO Processing B24 , with training size 56, and predict size 15
2018-08-02 13:34:46,358 nlpclassify.py[line:239] INFO training the 0 classify
2018-08-02 13:34:46,440 nlpclassify.py[line:247] INFO training the 0 classify finished
2018-08-02 13:34:46,459 nlpclassify.py[line:254] INFO testing the 0 classify strated
2018-08-02 13:34:46,462 nlpclassify.py[line:257] INFO testing the 0 classify finished
2018-08-02 13:34:46,463 nlpclassify.py[line:239] INFO training the 1 classify
2018-08-02 13:34:46,542 nlpclassify.py[line:247] INFO training the 1 classify finished
2018-08-02 13:34:46,559 nlpclassify.py[line:254] INFO testing the 0 classify strated
2018-08-02 13:34:46,562 nlpclassify.py[line:257] INFO testing the 0 classify finished
2018-08-02 13:34:46,565 nlpclassify.py[line:309] INFO success in B24, try 0
2018-08-02 13:34:46,569 nlpclassify.py[line:309] INFO Processing B64 , with training size 39, and predict size 8
2018-08-02 13:34:46,572 nlpclassify.py[line:239] INFO training the 0 classify
2018-08-02 13:34:46,627 nlpclassify.py[line:247] INFO training the 0 classify finished
2018-08-02 13:34:46,637 nlpclassify.py[line:254] INFO testing the 0 classify strated
2018-08-02 13:34:46,640 nlpclassify.py[line:257] INFO testing the 0 classify finished
2018-08-02 13:34:46,643 nlpclassify.py[line:239] INFO training the 1 classify
2018-08-02 13:34:46,697 nlpclassify.py[line:247] INFO training the 1 classify finished
2018-08-02 13:34:46,709 nlpclassify.py[line:254] INFO testing the 0 classify strated
2018-08-02 13:34:46,711 nlpclassify.py[line:257] INFO testing the 0 classify finished
2018-08-02 13:34:46,714 nlpclassify.py[line:309] INFO success in B64, try 0
2018-08-02 13:34:46,719 nlpclassify.py[line:309] INFO Processing F21 , with training size 58, and predict size 62
2018-08-02 13:34:46,721 nlpclassify.py[line:239] INFO training the 0 classify
2018-08-02 13:34:46,800 nlpclassify.py[line:247] INFO training the 0 classify finished
2018-08-02 13:34:46,868 nlpclassify.py[line:254] INFO testing the 0 classify strated
2018-08-02 13:34:46,874 nlpclassify.py[line:257] INFO testing the 0 classify finished
2018-08-02 13:34:46,877 nlpclassify.py[line:239] INFO training the 1 classify
2018-08-02 13:34:46,954 nlpclassify.py[line:247] INFO training the 1 classify finished
2018-08-02 13:34:47,025 nlpclassify.py[line:254] INFO testing the 0 classify strated
2018-08-02 13:34:47,031 nlpclassify.py[line:257] INFO testing the 0 classify finished
2018-08-02 13:34:47,034 nlpclassify.py[line:309] INFO success in F21, try 0
2018-08-02 13:34:47,043 nlpclassify.py[line:309] INFO Processing B01 , with training size 26, and predict size 354
2018-08-02 13:34:47,046 nlpclassify.py[line:239] INFO training the 0 classify
2018-08-02 13:34:47,089 nlpclassify.py[line:247] INFO training the 0 classify finished
2018-08-02 13:34:47,486 nlpclassify.py[line:254] INFO testing the 0 classify strated
2018-08-02 13:34:47,519 nlpclassify.py[line:257] INFO testing the 0 classify finished
2018-08-02 13:34:47,521 nlpclassify.py[line:239] INFO training the 1 classify
2018-08-02 13:34:47,564 nlpclassify.py[line:247] INFO training the 1 classify finished
2018-08-02 13:34:47,963 nlpclassify.py[line:254] INFO testing the 0 classify strated
2018-08-02 13:34:47,993 nlpclassify.py[line:257] INFO testing the 0 classify finished
2018-08-02 13:34:47,996 nlpclassify.py[line:309] INFO success in B01, try 0
2018-08-02 13:34:48,005 nlpclassify.py[line:309] INFO Processing H02 , with training size 171, and predict size 340
2018-08-02 13:34:48,007 nlpclassify.py[line:239] INFO training the 0 classify
2018-08-02 13:34:48,303 nlpclassify.py[line:247] INFO training the 0 classify finished
2018-08-02 13:34:48,653 nlpclassify.py[line:254] INFO testing the 0 classify strated
2018-08-02 13:34:48,836 nlpclassify.py[line:257] INFO testing the 0 classify finished
2018-08-02 13:34:48,838 nlpclassify.py[line:239] INFO training the 1 classify
2018-08-02 13:34:49,128 nlpclassify.py[line:247] INFO training the 1 classify finished
2018-08-02 13:34:49,477 nlpclassify.py[line:254] INFO testing the 0 classify strated
2018-08-02 13:34:49,651 nlpclassify.py[line:257] INFO testing the 0 classify finished
2018-08-02 13:34:49,655 nlpclassify.py[line:309] INFO success in H02, try 0
2018-08-02 13:34:49,660 nlpclassify.py[line:309] INFO Processing B60 , with training size 132, and predict size 140
2018-08-02 13:34:49,662 nlpclassify.py[line:239] INFO training the 0 classify
2018-08-02 13:34:49,873 nlpclassify.py[line:247] INFO training the 0 classify finished
2018-08-02 13:34:50,040 nlpclassify.py[line:254] INFO testing the 0 classify strated
2018-08-02 13:34:50,104 nlpclassify.py[line:257] INFO testing the 0 classify finished
2018-08-02 13:34:50,106 nlpclassify.py[line:239] INFO training the 1 classify
2018-08-02 13:34:50,309 nlpclassify.py[line:247] INFO training the 1 classify finished
2018-08-02 13:34:50,468 nlpclassify.py[line:254] INFO testing the 0 classify strated
2018-08-02 13:34:50,533 nlpclassify.py[line:257] INFO testing the 0 classify finished
2018-08-02 13:34:50,537 nlpclassify.py[line:309] INFO success in B60, try 0
2018-08-02 13:34:50,542 nlpclassify.py[line:309] INFO Processing F04 , with training size 58, and predict size 16
2018-08-02 13:34:50,544 nlpclassify.py[line:239] INFO training the 0 classify
2018-08-02 13:34:50,623 nlpclassify.py[line:247] INFO training the 0 classify finished
2018-08-02 13:34:50,644 nlpclassify.py[line:254] INFO testing the 0 classify strated
2018-08-02 13:34:50,646 nlpclassify.py[line:257] INFO testing the 0 classify finished
2018-08-02 13:34:50,648 nlpclassify.py[line:239] INFO training the 1 classify
2018-08-02 13:34:50,728 nlpclassify.py[line:247] INFO training the 1 classify finished
2018-08-02 13:34:50,750 nlpclassify.py[line:254] INFO testing the 0 classify strated
2018-08-02 13:34:50,753 nlpclassify.py[line:257] INFO testing the 0 classify finished
2018-08-02 13:34:50,756 nlpclassify.py[line:309] INFO success in F04, try 0
2018-08-02 13:34:50,761 nlpclassify.py[line:309] INFO Processing E05 , with training size 45, and predict size 3
2018-08-02 13:34:50,763 nlpclassify.py[line:239] INFO training the 0 classify
2018-08-02 13:34:50,831 nlpclassify.py[line:247] INFO training the 0 classify finished
2018-08-02 13:34:50,837 nlpclassify.py[line:254] INFO testing the 0 classify strated
2018-08-02 13:34:50,839 nlpclassify.py[line:257] INFO testing the 0 classify finished
2018-08-02 13:34:50,841 nlpclassify.py[line:239] INFO training the 1 classify
2018-08-02 13:34:50,909 nlpclassify.py[line:247] INFO training the 1 classify finished
2018-08-02 13:34:50,915 nlpclassify.py[line:254] INFO testing the 0 classify strated
2018-08-02 13:34:50,917 nlpclassify.py[line:257] INFO testing the 0 classify finished
2018-08-02 13:34:50,920 nlpclassify.py[line:309] INFO success in E05, try 0
2018-08-02 13:34:50,925 nlpclassify.py[line:309] INFO Processing F03 , with training size 14, and predict size 17
2018-08-02 13:34:50,927 nlpclassify.py[line:239] INFO training the 0 classify
2018-08-02 13:34:50,950 nlpclassify.py[line:247] INFO training the 0 classify finished
2018-08-02 13:34:50,970 nlpclassify.py[line:254] INFO testing the 0 classify strated
2018-08-02 13:34:50,972 nlpclassify.py[line:257] INFO testing the 0 classify finished
2018-08-02 13:34:50,974 nlpclassify.py[line:239] INFO training the 1 classify
2018-08-02 13:34:50,997 nlpclassify.py[line:247] INFO training the 1 classify finished
2018-08-02 13:34:51,017 nlpclassify.py[line:254] INFO testing the 0 classify strated
2018-08-02 13:34:51,019 nlpclassify.py[line:257] INFO testing the 0 classify finished
2018-08-02 13:34:51,022 nlpclassify.py[line:309] INFO success in F03, try 0
2018-08-02 13:34:51,028 nlpclassify.py[line:309] INFO Processing B25 , with training size 74, and predict size 46
2018-08-02 13:34:51,030 nlpclassify.py[line:239] INFO training the 0 classify
2018-08-02 13:34:51,130 nlpclassify.py[line:247] INFO training the 0 classify finished
2018-08-02 13:34:51,181 nlpclassify.py[line:254] INFO testing the 0 classify strated
2018-08-02 13:34:51,186 nlpclassify.py[line:257] INFO testing the 0 classify finished
2018-08-02 13:34:51,191 nlpclassify.py[line:239] INFO training the 1 classify
2018-08-02 13:34:51,293 nlpclassify.py[line:247] INFO training the 1 classify finished
2018-08-02 13:34:51,347 nlpclassify.py[line:254] INFO testing the 0 classify strated
2018-08-02 13:34:51,353 nlpclassify.py[line:257] INFO testing the 0 classify finished
2018-08-02 13:34:51,357 nlpclassify.py[line:309] INFO success in B25, try 0
2018-08-02 13:34:51,363 nlpclassify.py[line:309] INFO Processing C04 , with training size 63, and predict size 105
2018-08-02 13:34:51,365 nlpclassify.py[line:239] INFO training the 0 classify
2018-08-02 13:34:51,452 nlpclassify.py[line:247] INFO training the 0 classify finished
2018-08-02 13:34:51,572 nlpclassify.py[line:254] INFO testing the 0 classify strated
2018-08-02 13:34:51,587 nlpclassify.py[line:257] INFO testing the 0 classify finished
2018-08-02 13:34:51,589 nlpclassify.py[line:239] INFO training the 1 classify
2018-08-02 13:34:51,676 nlpclassify.py[line:247] INFO training the 1 classify finished
2018-08-02 13:34:51,798 nlpclassify.py[line:254] INFO testing the 0 classify strated
2018-08-02 13:34:51,812 nlpclassify.py[line:257] INFO testing the 0 classify finished
2018-08-02 13:34:51,815 nlpclassify.py[line:309] INFO success in C04, try 0
2018-08-02 13:34:51,821 nlpclassify.py[line:309] INFO Processing E02 , with training size 38, and predict size 50
2018-08-02 13:34:51,823 nlpclassify.py[line:239] INFO training the 0 classify
2018-08-02 13:34:51,881 nlpclassify.py[line:247] INFO training the 0 classify finished
2018-08-02 13:34:51,944 nlpclassify.py[line:254] INFO testing the 0 classify strated
2018-08-02 13:34:51,948 nlpclassify.py[line:257] INFO testing the 0 classify finished
2018-08-02 13:34:51,950 nlpclassify.py[line:239] INFO training the 1 classify
2018-08-02 13:34:52,008 nlpclassify.py[line:247] INFO training the 1 classify finished
2018-08-02 13:34:52,074 nlpclassify.py[line:254] INFO testing the 0 classify strated
2018-08-02 13:34:52,080 nlpclassify.py[line:257] INFO testing the 0 classify finished
2018-08-02 13:34:52,083 nlpclassify.py[line:309] INFO success in E02, try 0
2018-08-02 13:34:52,088 nlpclassify.py[line:309] INFO Processing H05 , with training size 42, and predict size 85
2018-08-02 13:34:52,091 nlpclassify.py[line:239] INFO training the 0 classify
2018-08-02 13:34:52,151 nlpclassify.py[line:247] INFO training the 0 classify finished
2018-08-02 13:34:52,241 nlpclassify.py[line:254] INFO testing the 0 classify strated
2018-08-02 13:34:52,246 nlpclassify.py[line:257] INFO testing the 0 classify finished
2018-08-02 13:34:52,249 nlpclassify.py[line:239] INFO training the 1 classify
2018-08-02 13:34:52,306 nlpclassify.py[line:247] INFO training the 1 classify finished
2018-08-02 13:34:52,400 nlpclassify.py[line:254] INFO testing the 0 classify strated
2018-08-02 13:34:52,406 nlpclassify.py[line:257] INFO testing the 0 classify finished
2018-08-02 13:34:52,413 nlpclassify.py[line:309] INFO success in H05, try 0
2018-08-02 13:34:52,418 nlpclassify.py[line:309] INFO Processing B29 , with training size 69, and predict size 59
2018-08-02 13:34:52,420 nlpclassify.py[line:239] INFO training the 0 classify
2018-08-02 13:34:52,527 nlpclassify.py[line:247] INFO training the 0 classify finished
2018-08-02 13:34:52,595 nlpclassify.py[line:254] INFO testing the 0 classify strated
2018-08-02 13:34:52,605 nlpclassify.py[line:257] INFO testing the 0 classify finished
2018-08-02 13:34:52,606 nlpclassify.py[line:239] INFO training the 1 classify
2018-08-02 13:34:52,707 nlpclassify.py[line:247] INFO training the 1 classify finished
2018-08-02 13:34:52,776 nlpclassify.py[line:254] INFO testing the 0 classify strated
2018-08-02 13:34:52,785 nlpclassify.py[line:257] INFO testing the 0 classify finished
2018-08-02 13:34:52,789 nlpclassify.py[line:309] INFO success in B29, try 0
2018-08-02 13:34:52,797 nlpclassify.py[line:309] INFO Processing C11 , with training size 15, and predict size 38
2018-08-02 13:34:52,799 nlpclassify.py[line:239] INFO training the 0 classify
2018-08-02 13:34:52,824 nlpclassify.py[line:247] INFO training the 0 classify finished
2018-08-02 13:34:52,864 nlpclassify.py[line:254] INFO testing the 0 classify strated
2018-08-02 13:34:52,866 nlpclassify.py[line:257] INFO testing the 0 classify finished
2018-08-02 13:34:52,867 nlpclassify.py[line:239] INFO training the 1 classify
2018-08-02 13:34:52,894 nlpclassify.py[line:247] INFO training the 1 classify finished
2018-08-02 13:34:52,933 nlpclassify.py[line:254] INFO testing the 0 classify strated
2018-08-02 13:34:52,935 nlpclassify.py[line:257] INFO testing the 0 classify finished
2018-08-02 13:34:52,939 nlpclassify.py[line:309] INFO success in C11, try 0
2018-08-02 13:34:52,945 nlpclassify.py[line:309] INFO Processing E01 , with training size 57, and predict size 32
2018-08-02 13:34:52,947 nlpclassify.py[line:239] INFO training the 0 classify
2018-08-02 13:34:53,033 nlpclassify.py[line:247] INFO training the 0 classify finished
2018-08-02 13:34:53,071 nlpclassify.py[line:254] INFO testing the 0 classify strated
2018-08-02 13:34:53,075 nlpclassify.py[line:257] INFO testing the 0 classify finished
2018-08-02 13:34:53,077 nlpclassify.py[line:239] INFO training the 1 classify
2018-08-02 13:34:53,164 nlpclassify.py[line:247] INFO training the 1 classify finished
2018-08-02 13:34:53,202 nlpclassify.py[line:254] INFO testing the 0 classify strated
2018-08-02 13:34:53,206 nlpclassify.py[line:257] INFO testing the 0 classify finished
2018-08-02 13:34:53,210 nlpclassify.py[line:309] INFO success in E01, try 0
2018-08-02 13:34:53,222 nlpclassify.py[line:309] INFO Processing C02 , with training size 45, and predict size 181
2018-08-02 13:34:53,224 nlpclassify.py[line:239] INFO training the 0 classify
2018-08-02 13:34:53,290 nlpclassify.py[line:247] INFO training the 0 classify finished
2018-08-02 13:34:53,482 nlpclassify.py[line:254] INFO testing the 0 classify strated
2018-08-02 13:34:53,497 nlpclassify.py[line:257] INFO testing the 0 classify finished
2018-08-02 13:34:53,499 nlpclassify.py[line:239] INFO training the 1 classify
2018-08-02 13:34:53,564 nlpclassify.py[line:247] INFO training the 1 classify finished
2018-08-02 13:34:53,759 nlpclassify.py[line:254] INFO testing the 0 classify strated
2018-08-02 13:34:53,775 nlpclassify.py[line:257] INFO testing the 0 classify finished
2018-08-02 13:34:53,778 nlpclassify.py[line:309] INFO success in C02, try 0
2018-08-02 13:34:53,783 nlpclassify.py[line:309] INFO Processing E21 , with training size 16, and predict size 103
2018-08-02 13:34:53,786 nlpclassify.py[line:239] INFO training the 0 classify
2018-08-02 13:34:53,812 nlpclassify.py[line:247] INFO training the 0 classify finished
2018-08-02 13:34:53,929 nlpclassify.py[line:254] INFO testing the 0 classify strated
2018-08-02 13:34:53,933 nlpclassify.py[line:257] INFO testing the 0 classify finished
2018-08-02 13:34:53,935 nlpclassify.py[line:239] INFO training the 1 classify
2018-08-02 13:34:53,965 nlpclassify.py[line:247] INFO training the 1 classify finished
2018-08-02 13:34:54,080 nlpclassify.py[line:254] INFO testing the 0 classify strated
2018-08-02 13:34:54,085 nlpclassify.py[line:257] INFO testing the 0 classify finished
2018-08-02 13:34:54,088 nlpclassify.py[line:309] INFO success in E21, try 0
2018-08-02 13:34:54,097 nlpclassify.py[line:309] INFO Processing G08 , with training size 15, and predict size 95
2018-08-02 13:34:54,099 nlpclassify.py[line:239] INFO training the 0 classify
2018-08-02 13:34:54,127 nlpclassify.py[line:247] INFO training the 0 classify finished
2018-08-02 13:34:54,223 nlpclassify.py[line:254] INFO testing the 0 classify strated
2018-08-02 13:34:54,228 nlpclassify.py[line:257] INFO testing the 0 classify finished
2018-08-02 13:34:54,230 nlpclassify.py[line:239] INFO training the 1 classify
2018-08-02 13:34:54,258 nlpclassify.py[line:247] INFO training the 1 classify finished
2018-08-02 13:34:54,355 nlpclassify.py[line:254] INFO testing the 0 classify strated
2018-08-02 13:34:54,360 nlpclassify.py[line:257] INFO testing the 0 classify finished
2018-08-02 13:34:54,364 nlpclassify.py[line:309] INFO success in G08, try 0
2018-08-02 13:34:54,369 nlpclassify.py[line:309] INFO Processing B21 , with training size 30, and predict size 89
2018-08-02 13:34:54,371 nlpclassify.py[line:239] INFO training the 0 classify
2018-08-02 13:34:54,415 nlpclassify.py[line:247] INFO training the 0 classify finished
2018-08-02 13:34:54,521 nlpclassify.py[line:254] INFO testing the 0 classify strated
2018-08-02 13:34:54,526 nlpclassify.py[line:257] INFO testing the 0 classify finished
2018-08-02 13:34:54,529 nlpclassify.py[line:239] INFO training the 1 classify
2018-08-02 13:34:54,574 nlpclassify.py[line:247] INFO training the 1 classify finished
2018-08-02 13:34:54,683 nlpclassify.py[line:254] INFO testing the 0 classify strated
2018-08-02 13:34:54,688 nlpclassify.py[line:257] INFO testing the 0 classify finished
2018-08-02 13:34:54,691 nlpclassify.py[line:309] INFO success in B21, try 0
2018-08-02 13:34:54,696 nlpclassify.py[line:309] INFO Processing B41 , with training size 23, and predict size 17
2018-08-02 13:34:54,698 nlpclassify.py[line:239] INFO training the 0 classify
2018-08-02 13:34:54,733 nlpclassify.py[line:247] INFO training the 0 classify finished
2018-08-02 13:34:54,756 nlpclassify.py[line:254] INFO testing the 0 classify strated
2018-08-02 13:34:54,758 nlpclassify.py[line:257] INFO testing the 0 classify finished
2018-08-02 13:34:54,761 nlpclassify.py[line:239] INFO training the 1 classify
2018-08-02 13:34:54,796 nlpclassify.py[line:247] INFO training the 1 classify finished
2018-08-02 13:34:54,820 nlpclassify.py[line:254] INFO testing the 0 classify strated
2018-08-02 13:34:54,822 nlpclassify.py[line:257] INFO testing the 0 classify finished
2018-08-02 13:34:54,824 nlpclassify.py[line:309] INFO success in B41, try 0
2018-08-02 13:34:54,829 nlpclassify.py[line:309] INFO Processing B32 , with training size 19, and predict size 49
2018-08-02 13:34:54,832 nlpclassify.py[line:239] INFO training the 0 classify
2018-08-02 13:34:54,863 nlpclassify.py[line:247] INFO training the 0 classify finished
2018-08-02 13:34:54,918 nlpclassify.py[line:254] INFO testing the 0 classify strated
2018-08-02 13:34:54,922 nlpclassify.py[line:257] INFO testing the 0 classify finished
2018-08-02 13:34:54,924 nlpclassify.py[line:239] INFO training the 1 classify
2018-08-02 13:34:54,954 nlpclassify.py[line:247] INFO training the 1 classify finished
2018-08-02 13:34:55,008 nlpclassify.py[line:254] INFO testing the 0 classify strated
2018-08-02 13:34:55,012 nlpclassify.py[line:257] INFO testing the 0 classify finished
2018-08-02 13:34:55,015 nlpclassify.py[line:309] INFO success in B32, try 0
2018-08-02 13:34:55,021 nlpclassify.py[line:309] INFO Processing B22 , with training size 28, and predict size 36
2018-08-02 13:34:55,023 nlpclassify.py[line:239] INFO training the 0 classify
2018-08-02 13:34:55,069 nlpclassify.py[line:247] INFO training the 0 classify finished
2018-08-02 13:34:55,112 nlpclassify.py[line:254] INFO testing the 0 classify strated
2018-08-02 13:34:55,115 nlpclassify.py[line:257] INFO testing the 0 classify finished
2018-08-02 13:34:55,117 nlpclassify.py[line:239] INFO training the 1 classify
2018-08-02 13:34:55,163 nlpclassify.py[line:247] INFO training the 1 classify finished
2018-08-02 13:34:55,205 nlpclassify.py[line:254] INFO testing the 0 classify strated
2018-08-02 13:34:55,208 nlpclassify.py[line:257] INFO testing the 0 classify finished
2018-08-02 13:34:55,211 nlpclassify.py[line:309] INFO success in B22, try 0
2018-08-02 13:34:55,217 nlpclassify.py[line:309] INFO Processing G09 , with training size 14, and predict size 101
2018-08-02 13:34:55,219 nlpclassify.py[line:239] INFO training the 0 classify
2018-08-02 13:34:55,243 nlpclassify.py[line:247] INFO training the 0 classify finished
2018-08-02 13:34:55,351 nlpclassify.py[line:254] INFO testing the 0 classify strated
2018-08-02 13:34:55,355 nlpclassify.py[line:257] INFO testing the 0 classify finished
2018-08-02 13:34:55,357 nlpclassify.py[line:239] INFO training the 1 classify
2018-08-02 13:34:55,383 nlpclassify.py[line:247] INFO training the 1 classify finished
2018-08-02 13:34:55,493 nlpclassify.py[line:254] INFO testing the 0 classify strated
2018-08-02 13:34:55,498 nlpclassify.py[line:257] INFO testing the 0 classify finished
2018-08-02 13:34:55,501 nlpclassify.py[line:309] INFO success in G09, try 0
2018-08-02 13:34:55,507 nlpclassify.py[line:309] INFO Processing F01 , with training size 30, and predict size 19
2018-08-02 13:34:55,509 nlpclassify.py[line:239] INFO training the 0 classify
2018-08-02 13:34:55,551 nlpclassify.py[line:247] INFO training the 0 classify finished
2018-08-02 13:34:55,579 nlpclassify.py[line:254] INFO testing the 0 classify strated
2018-08-02 13:34:55,581 nlpclassify.py[line:257] INFO testing the 0 classify finished
2018-08-02 13:34:55,584 nlpclassify.py[line:239] INFO training the 1 classify
2018-08-02 13:34:55,628 nlpclassify.py[line:247] INFO training the 1 classify finished
2018-08-02 13:34:55,655 nlpclassify.py[line:254] INFO testing the 0 classify strated
2018-08-02 13:34:55,657 nlpclassify.py[line:257] INFO testing the 0 classify finished
2018-08-02 13:34:55,660 nlpclassify.py[line:309] INFO success in F01, try 0
2018-08-02 13:34:55,669 nlpclassify.py[line:309] INFO Processing B65 , with training size 58, and predict size 296
2018-08-02 13:34:55,671 nlpclassify.py[line:239] INFO training the 0 classify
2018-08-02 13:34:55,755 nlpclassify.py[line:247] INFO training the 0 classify finished
2018-08-02 13:34:56,088 nlpclassify.py[line:254] INFO testing the 0 classify strated
2018-08-02 13:34:56,162 nlpclassify.py[line:257] INFO testing the 0 classify finished
2018-08-02 13:34:56,164 nlpclassify.py[line:239] INFO training the 1 classify
2018-08-02 13:34:56,244 nlpclassify.py[line:247] INFO training the 1 classify finished
2018-08-02 13:34:56,576 nlpclassify.py[line:254] INFO testing the 0 classify strated
2018-08-02 13:34:56,643 nlpclassify.py[line:257] INFO testing the 0 classify finished
2018-08-02 13:34:56,647 nlpclassify.py[line:309] INFO success in B65, try 0
2018-08-02 13:34:56,655 nlpclassify.py[line:309] INFO Processing B62 , with training size 17, and predict size 87
2018-08-02 13:34:56,657 nlpclassify.py[line:239] INFO training the 0 classify
2018-08-02 13:34:56,687 nlpclassify.py[line:247] INFO training the 0 classify finished
2018-08-02 13:34:56,793 nlpclassify.py[line:254] INFO testing the 0 classify strated
2018-08-02 13:34:56,798 nlpclassify.py[line:257] INFO testing the 0 classify finished
2018-08-02 13:34:56,800 nlpclassify.py[line:239] INFO training the 1 classify
2018-08-02 13:34:56,831 nlpclassify.py[line:247] INFO training the 1 classify finished
2018-08-02 13:34:56,933 nlpclassify.py[line:254] INFO testing the 0 classify strated
2018-08-02 13:34:56,937 nlpclassify.py[line:257] INFO testing the 0 classify finished
2018-08-02 13:34:56,941 nlpclassify.py[line:309] INFO success in B62, try 0
2018-08-02 13:34:56,950 nlpclassify.py[line:309] INFO Processing G10 , with training size 27, and predict size 11
2018-08-02 13:34:56,952 nlpclassify.py[line:239] INFO training the 0 classify
2018-08-02 13:34:56,989 nlpclassify.py[line:247] INFO training the 0 classify finished
2018-08-02 13:34:57,005 nlpclassify.py[line:254] INFO testing the 0 classify strated
2018-08-02 13:34:57,006 nlpclassify.py[line:257] INFO testing the 0 classify finished
2018-08-02 13:34:57,008 nlpclassify.py[line:239] INFO training the 1 classify
2018-08-02 13:34:57,045 nlpclassify.py[line:247] INFO training the 1 classify finished
2018-08-02 13:34:57,062 nlpclassify.py[line:254] INFO testing the 0 classify strated
2018-08-02 13:34:57,064 nlpclassify.py[line:257] INFO testing the 0 classify finished
2018-08-02 13:34:57,067 nlpclassify.py[line:309] INFO success in G10, try 0
2018-08-02 13:34:57,098 nlpclassify.py[line:309] INFO Processing A24 , with training size 13, and predict size 12
2018-08-02 13:34:57,100 nlpclassify.py[line:239] INFO training the 0 classify
2018-08-02 13:34:57,126 nlpclassify.py[line:247] INFO training the 0 classify finished
2018-08-02 13:34:57,141 nlpclassify.py[line:254] INFO testing the 0 classify strated
2018-08-02 13:34:57,143 nlpclassify.py[line:257] INFO testing the 0 classify finished
2018-08-02 13:34:57,144 nlpclassify.py[line:239] INFO training the 1 classify
2018-08-02 13:34:57,170 nlpclassify.py[line:247] INFO training the 1 classify finished
2018-08-02 13:34:57,186 nlpclassify.py[line:254] INFO testing the 0 classify strated
2018-08-02 13:34:57,187 nlpclassify.py[line:257] INFO testing the 0 classify finished
2018-08-02 13:34:57,190 nlpclassify.py[line:309] INFO success in A24, try 0
